
ROM used:   630/175104 (0%)
            630/175104 (0%) including unused fragments

            0.6 Average locations per line
            78.8 Average locations per statement

RAM used:   226/30720 (1%) at main() level
            226/30720 (1%) worst case

Stack used: 0 worst case (0 in main + 0 for interrupts)
Stack size: 128

Lines Stmts  %   Files
----- ----- ---  -----
   36     8 100  Main.c
 1071     0   0  ..\..\..\Program Files (x86)\PICC\devices\33FJ256GP710A.h
----- -----
 1107     8 Total

Page ROM  %  RAM    Vol Diff  Functions:
---- --- --- ---    --- ----  ----------
0    118   9   65    464  3.5  main
 Inline         0             @cinit1

Program metrics:
    Functions               1
    Statements              8
    Comments                156
    Volume (V)              466
    Difficulty (D)          3.4
    Effort to implement (E) 1592
    Time to implement (T)   1 minutes
    Est Delivered Bugs (B)  0
    Cyclomatic Complexity   1
    Maintainability (MI)    129

 Segment     Used  Free
-----------  ----  ----
00000-00002     4  0  
00004-001FE   508  0  
00200-0FFFE   118  64906  
10000-1FFFE     0  65536  
20000-2ABFE     0  44032  



