
ROM used:   790/175104 (0%)
            790/175104 (0%) including unused fragments

            0.7 Average locations per line
            52.7 Average locations per statement

RAM used:   116/30630 (0%) at main() level
            116/30630 (0%) worst case

Stack used: 2 worst case (2 in main + 0 for interrupts)
Stack size: 96

Lines Stmts  %   Files
----- ----- ---  -----
   55    15 100  Main.c
 1071     0   0  ..\..\..\Program Files (x86)\PICC\devices\33FJ256GP710A.h
----- -----
 1126    15 Total

Page ROM  %  RAM    Vol Diff  Functions:
---- --- --- ---    --- ----  ----------
0     28   2    0             @delay_ms1
0    250  16    0    704  6.3  main
 Inline         0             @cinit1

Program metrics:
    Functions               1
    Statements              15
    Comments                154
    Volume (V)              709
    Difficulty (D)          6.0
    Effort to implement (E) 4277
    Time to implement (T)   4 minutes
    Est Delivered Bugs (B)  0
    Cyclomatic Complexity   2
    Maintainability (MI)    111

 Segment     Used  Free
-----------  ----  ----
00000-00002     4  0  
00004-001FE   508  0  
00200-0FFFE   278  64746  
10000-1FFFE     0  65536  
20000-2ABFE     0  44032  



